A(net/spc/current.json) vs B(MC): 5/6  AAAAbA  avgMargin +91.2
A(net/spc/current.json) vs B(MC): 6/6  AAAAAA  avgMargin +128.5
A(net/spc/current.json) vs B(MC): 6/6  AAAAAA  avgMargin +112.2
A(net/spc/current.json) vs B(MC): 5/6  AAbAAA  avgMargin +121.8
A(net/spc/current.json) vs B(MC): 6/6  AAAAAA  avgMargin +99.0
A(net/spc/current.json) vs B(MC): 6/6  AAAAAA  avgMargin +104.8
A(net/spc/current.json) vs B(MC): 5/6  AAAbAA  avgMargin +79.7
A(net/spc/current.json) vs B(MC): 6/6  AAAAAA  avgMargin +116.2
A(net/spc/current.json) vs B(MC): 6/6  AAAAAA  avgMargin +101.3
A(net/spc/current.json) vs B(MC): 6/6  AAAAAA  avgMargin +122.7
A(net/spc/current.json) vs B(MC): 6/6  AAAAAA  avgMargin +119.3
A(net/spc/current.json) vs B(MC): 6/6  AAAAAA  avgMargin +109.7
A(net/spc/current.json) vs B(MC): 6/6  AAAAAA  avgMargin +98.2
A(net/spc/current.json) vs B(MC): 6/6  AAAAAA  avgMargin +100.0
A(net/spc/current.json) vs B(MC): 6/6  AAAAAA  avgMargin +144.5
A(net/spc/current.json) vs B(MC): 5/6  AAbAAA  avgMargin +70.3
A(net/spc/current.json) vs B(MC): 6/6  AAAAAA  avgMargin +80.0
A(net/spc/current.json) vs B(MC): 6/6  AAAAAA  avgMargin +98.8
A(net/spc/current.json) vs B(MC): 6/6  AAAAAA  avgMargin +115.5
A(net/spc/current.json) vs B(MC): 6/6  AAAAAA  avgMargin +105.0
A(net/spc/current.json) vs B(MC): 5/6  AAAbAA  avgMargin +64.7
A(net/spc/current.json) vs B(MC): 6/6  AAAAAA  avgMargin +125.7
A(net/spc/current.json) vs B(MC): 6/6  AAAAAA  avgMargin +145.0
A(net/spc/current.json) vs B(MC): 5/6  AAAAAb  avgMargin +89.5
A(net/spc/current.json) vs B(MC): 6/6  AAAAAA  avgMargin +138.0
A(net/spc/current.json) vs B(MC): 6/6  AAAAAA  avgMargin +106.0
A(net/spc/current.json) vs B(MC): 6/6  AAAAAA  avgMargin +112.7
