[net/spc/it1_2.jsonl] game 1/12 tri/s moves 61 winner white +60 (tot 60)
[net/spc/it1_3.jsonl] game 1/12 tri/s moves 67 winner white +66 (tot 66)
[net/spc/it1_1.jsonl] game 1/12 tri/s moves 66 winner black +65 (tot 65)
[net/spc/it1_2.jsonl] game 2/12 tri/m moves 95 winner black +94 (tot 154)
[net/spc/it1_3.jsonl] game 2/12 tri/m moves 94 winner white +93 (tot 159)
[net/spc/it1_1.jsonl] game 2/12 tri/m moves 100 winner black +98 (tot 163)
[net/spc/it1_1.jsonl] game 3/12 tri/l moves 107 winner white +106 (tot 269)
[net/spc/it1_2.jsonl] game 3/12 tri/l moves 112 winner white +111 (tot 265)
[net/spc/it1_3.jsonl] game 3/12 tri/l moves 128 winner black +127 (tot 286)
[net/spc/it1_1.jsonl] game 4/12 elong/s moves 88 winner white +87 (tot 356)
[net/spc/it1_2.jsonl] game 4/12 elong/s moves 92 winner white +91 (tot 356)
[net/spc/it1_3.jsonl] game 4/12 elong/s moves 87 winner black +85 (tot 371)
[net/spc/it1_3.jsonl] game 5/12 elong/m moves 110 winner black +109 (tot 480)
[net/spc/it1_1.jsonl] game 5/12 elong/m moves 117 winner white +116 (tot 472)
[net/spc/it1_2.jsonl] game 5/12 elong/m moves 120 winner black +119 (tot 475)
[net/spc/it1_3.jsonl] game 6/12 elong/l moves 178 winner white +176 (tot 656)
[net/spc/it1_2.jsonl] game 6/12 elong/l moves 166 winner white +165 (tot 640)
[net/spc/it1_2.jsonl] game 7/12 tri/s moves 62 winner black +60 (tot 700)
[net/spc/it1_3.jsonl] game 7/12 tri/s moves 71 winner white +70 (tot 726)
[net/spc/it1_2.jsonl] game 8/12 tri/m moves 104 winner black +102 (tot 802)
[net/spc/it1_3.jsonl] game 8/12 tri/m moves 100 winner white +99 (tot 825)
[net/spc/it1_1.jsonl] game 6/12 elong/l moves 172 winner white +171 (tot 643)
[net/spc/it1_1.jsonl] game 7/12 tri/s moves 74 winner black +73 (tot 716)
[net/spc/it1_2.jsonl] game 9/12 tri/l moves 120 winner black +119 (tot 921)
[net/spc/it1_3.jsonl] game 9/12 tri/l moves 131 winner black +130 (tot 955)
[net/spc/it1_1.jsonl] game 8/12 tri/m moves 98 winner black +97 (tot 813)
[net/spc/it1_2.jsonl] game 10/12 elong/s moves 84 winner white +83 (tot 1004)
[net/spc/it1_3.jsonl] game 10/12 elong/s moves 84 winner black +83 (tot 1038)
[net/spc/it1_2.jsonl] game 11/12 elong/m moves 113 winner white +112 (tot 1116)
[net/spc/it1_3.jsonl] game 11/12 elong/m moves 133 winner black +132 (tot 1170)
[net/spc/it1_1.jsonl] game 9/12 tri/l moves 140 winner black +138 (tot 951)
[net/spc/it1_1.jsonl] game 10/12 elong/s moves 91 winner white +90 (tot 1041)
[net/spc/it1_1.jsonl] game 11/12 elong/m moves 116 winner black +115 (tot 1156)
[net/spc/it1_3.jsonl] game 12/12 elong/l moves 165 winner white +164 (tot 1334)
DONE net/spc/it1_3.jsonl: 1334 positions
[net/spc/it1_2.jsonl] game 12/12 elong/l moves 189 winner white +187 (tot 1303)
DONE net/spc/it1_2.jsonl: 1303 positions
[net/spc/it1_1.jsonl] game 12/12 elong/l moves 166 winner white +165 (tot 1321)
DONE net/spc/it1_1.jsonl: 1321 positions
[net/spc/it2_2.jsonl] game 1/12 tri/s moves 64 winner white +63 (tot 63)
[net/spc/it2_3.jsonl] game 1/12 tri/s moves 73 winner black +71 (tot 71)
[net/spc/it2_1.jsonl] game 1/12 tri/s moves 73 winner black +72 (tot 72)
[net/spc/it2_3.jsonl] game 2/12 tri/m moves 76 winner black +75 (tot 146)
[net/spc/it2_2.jsonl] game 2/12 tri/m moves 91 winner white +90 (tot 153)
[net/spc/it2_1.jsonl] game 2/12 tri/m moves 82 winner white +81 (tot 153)
[net/spc/it2_1.jsonl] game 3/12 tri/l moves 135 winner black +133 (tot 286)
[net/spc/it2_3.jsonl] game 3/12 tri/l moves 137 winner white +136 (tot 282)
[net/spc/it2_2.jsonl] game 3/12 tri/l moves 115 winner white +114 (tot 267)
[net/spc/it2_1.jsonl] game 4/12 elong/s moves 81 winner white +80 (tot 366)
[net/spc/it2_3.jsonl] game 4/12 elong/s moves 78 winner white +77 (tot 359)
[net/spc/it2_2.jsonl] game 4/12 elong/s moves 92 winner black +90 (tot 357)
[net/spc/it2_2.jsonl] game 5/12 elong/m moves 119 winner white +117 (tot 474)
[net/spc/it2_3.jsonl] game 5/12 elong/m moves 120 winner black +119 (tot 478)
[net/spc/it2_1.jsonl] game 5/12 elong/m moves 104 winner white +103 (tot 469)
[net/spc/it2_1.jsonl] game 6/12 elong/l moves 164 winner white +163 (tot 632)
[net/spc/it2_1.jsonl] game 7/12 tri/s moves 58 winner white +57 (tot 689)
[net/spc/it2_2.jsonl] game 6/12 elong/l moves 160 winner black +159 (tot 633)
[net/spc/it2_3.jsonl] game 6/12 elong/l moves 176 winner black +175 (tot 653)
[net/spc/it2_3.jsonl] game 7/12 tri/s moves 71 winner white +70 (tot 723)
[net/spc/it2_2.jsonl] game 7/12 tri/s moves 70 winner black +69 (tot 702)
[net/spc/it2_1.jsonl] game 8/12 tri/m moves 104 winner white +103 (tot 792)
[net/spc/it2_2.jsonl] game 8/12 tri/m moves 67 winner white +66 (tot 768)
[net/spc/it2_3.jsonl] game 8/12 tri/m moves 92 winner black +91 (tot 814)
[net/spc/it2_1.jsonl] game 9/12 tri/l moves 121 winner white +120 (tot 912)
[net/spc/it2_1.jsonl] game 10/12 elong/s moves 86 winner black +85 (tot 997)
[net/spc/it2_2.jsonl] game 9/12 tri/l moves 129 winner white +128 (tot 896)
[net/spc/it2_3.jsonl] game 9/12 tri/l moves 144 winner white +143 (tot 957)
[net/spc/it2_2.jsonl] game 10/12 elong/s moves 83 winner black +82 (tot 978)
[net/spc/it2_3.jsonl] game 10/12 elong/s moves 80 winner white +79 (tot 1036)
[net/spc/it2_1.jsonl] game 11/12 elong/m moves 104 winner white +103 (tot 1100)
[net/spc/it2_2.jsonl] game 11/12 elong/m moves 125 winner black +124 (tot 1102)
[net/spc/it2_3.jsonl] game 11/12 elong/m moves 122 winner black +121 (tot 1157)
[net/spc/it2_1.jsonl] game 12/12 elong/l moves 164 winner white +163 (tot 1263)
DONE net/spc/it2_1.jsonl: 1263 positions
[net/spc/it2_3.jsonl] game 12/12 elong/l moves 172 winner black +171 (tot 1328)
DONE net/spc/it2_3.jsonl: 1328 positions
[net/spc/it2_2.jsonl] game 12/12 elong/l moves 178 winner black +177 (tot 1279)
DONE net/spc/it2_2.jsonl: 1279 positions
[net/spc/it3_3.jsonl] game 1/12 tri/s moves 60 winner black +59 (tot 59)
[net/spc/it3_1.jsonl] game 1/12 tri/s moves 70 winner white +68 (tot 68)
[net/spc/it3_2.jsonl] game 1/12 tri/s moves 66 winner black +65 (tot 65)
[net/spc/it3_1.jsonl] game 2/12 tri/m moves 79 winner white +78 (tot 146)
[net/spc/it3_3.jsonl] game 2/12 tri/m moves 95 winner black +94 (tot 153)
[net/spc/it3_2.jsonl] game 2/12 tri/m moves 101 winner white +100 (tot 165)
[net/spc/it3_1.jsonl] game 3/12 tri/l moves 122 winner black +121 (tot 267)
[net/spc/it3_2.jsonl] game 3/12 tri/l moves 120 winner black +119 (tot 284)
[net/spc/it3_1.jsonl] game 4/12 elong/s moves 86 winner white +85 (tot 352)
[net/spc/it3_3.jsonl] game 3/12 tri/l moves 146 winner black +145 (tot 298)
[net/spc/it3_2.jsonl] game 4/12 elong/s moves 81 winner white +80 (tot 364)
[net/spc/it3_3.jsonl] game 4/12 elong/s moves 89 winner black +88 (tot 386)
[net/spc/it3_1.jsonl] game 5/12 elong/m moves 131 winner white +129 (tot 481)
[net/spc/it3_2.jsonl] game 5/12 elong/m moves 111 winner white +110 (tot 474)
[net/spc/it3_3.jsonl] game 5/12 elong/m moves 118 winner white +116 (tot 502)
[net/spc/it3_2.jsonl] game 6/12 elong/l moves 176 winner white +175 (tot 649)
[net/spc/it3_3.jsonl] game 6/12 elong/l moves 158 winner white +157 (tot 659)
[net/spc/it3_3.jsonl] game 7/12 tri/s moves 57 winner white +56 (tot 715)
[net/spc/it3_2.jsonl] game 7/12 tri/s moves 67 winner white +66 (tot 715)
[net/spc/it3_1.jsonl] game 6/12 elong/l moves 190 winner white +189 (tot 670)
[net/spc/it3_3.jsonl] game 8/12 tri/m moves 65 winner white +64 (tot 779)
[net/spc/it3_1.jsonl] game 7/12 tri/s moves 64 winner white +63 (tot 733)
[net/spc/it3_2.jsonl] game 8/12 tri/m moves 89 winner white +88 (tot 803)
[net/spc/it3_1.jsonl] game 8/12 tri/m moves 99 winner black +98 (tot 831)
[net/spc/it3_3.jsonl] game 9/12 tri/l moves 103 winner white +102 (tot 881)
[net/spc/it3_2.jsonl] game 9/12 tri/l moves 141 winner white +139 (tot 942)
[net/spc/it3_3.jsonl] game 10/12 elong/s moves 84 winner white +83 (tot 964)
[net/spc/it3_2.jsonl] game 10/12 elong/s moves 89 winner white +87 (tot 1029)
[net/spc/it3_1.jsonl] game 9/12 tri/l moves 144 winner black +143 (tot 974)
[net/spc/it3_1.jsonl] game 10/12 elong/s moves 75 winner white +74 (tot 1048)
[net/spc/it3_3.jsonl] game 11/12 elong/m moves 130 winner white +129 (tot 1093)
[net/spc/it3_2.jsonl] game 11/12 elong/m moves 121 winner white +120 (tot 1149)
[net/spc/it3_1.jsonl] game 11/12 elong/m moves 123 winner white +121 (tot 1169)
[net/spc/it3_2.jsonl] game 12/12 elong/l moves 165 winner white +164 (tot 1313)
DONE net/spc/it3_2.jsonl: 1313 positions
[net/spc/it3_1.jsonl] game 12/12 elong/l moves 170 winner white +168 (tot 1337)
DONE net/spc/it3_1.jsonl: 1337 positions
[net/spc/it3_3.jsonl] game 12/12 elong/l moves 161 winner white +160 (tot 1253)
DONE net/spc/it3_3.jsonl: 1253 positions
[net/spc/it4_3.jsonl] game 1/12 tri/s moves 64 winner black +63 (tot 63)
[net/spc/it4_1.jsonl] game 1/12 tri/s moves 66 winner white +65 (tot 65)
[net/spc/it4_2.jsonl] game 1/12 tri/s moves 66 winner white +65 (tot 65)
[net/spc/it4_2.jsonl] game 2/12 tri/m moves 72 winner black +71 (tot 136)
[net/spc/it4_1.jsonl] game 2/12 tri/m moves 97 winner white +96 (tot 161)
[net/spc/it4_3.jsonl] game 2/12 tri/m moves 106 winner black +105 (tot 168)
[net/spc/it4_2.jsonl] game 3/12 tri/l moves 140 winner black +139 (tot 275)
[net/spc/it4_1.jsonl] game 3/12 tri/l moves 133 winner white +132 (tot 293)
[net/spc/it4_3.jsonl] game 3/12 tri/l moves 136 winner black +134 (tot 302)
[net/spc/it4_2.jsonl] game 4/12 elong/s moves 79 winner white +78 (tot 353)
[net/spc/it4_3.jsonl] game 4/12 elong/s moves 68 winner white +67 (tot 369)
[net/spc/it4_1.jsonl] game 4/12 elong/s moves 80 winner black +79 (tot 372)
[net/spc/it4_2.jsonl] game 5/12 elong/m moves 126 winner white +125 (tot 478)
[net/spc/it4_1.jsonl] game 5/12 elong/m moves 124 winner white +123 (tot 495)
[net/spc/it4_3.jsonl] game 5/12 elong/m moves 122 winner white +121 (tot 490)
[net/spc/it4_2.jsonl] game 6/12 elong/l moves 155 winner black +154 (tot 632)
[net/spc/it4_2.jsonl] game 7/12 tri/s moves 57 winner white +56 (tot 688)
[net/spc/it4_3.jsonl] game 6/12 elong/l moves 166 winner black +165 (tot 655)
[net/spc/it4_3.jsonl] game 7/12 tri/s moves 59 winner black +58 (tot 713)
[net/spc/it4_2.jsonl] game 8/12 tri/m moves 107 winner white +106 (tot 794)
[net/spc/it4_1.jsonl] game 6/12 elong/l moves 183 winner white +182 (tot 677)
[net/spc/it4_1.jsonl] game 7/12 tri/s moves 72 winner black +71 (tot 748)
[net/spc/it4_3.jsonl] game 8/12 tri/m moves 105 winner white +104 (tot 817)
[net/spc/it4_1.jsonl] game 8/12 tri/m moves 94 winner white +93 (tot 841)
[net/spc/it4_2.jsonl] game 9/12 tri/l moves 131 winner black +130 (tot 924)
[net/spc/it4_2.jsonl] game 10/12 elong/s moves 81 winner white +80 (tot 1004)
[net/spc/it4_3.jsonl] game 9/12 tri/l moves 114 winner black +113 (tot 930)
[net/spc/it4_3.jsonl] game 10/12 elong/s moves 83 winner white +81 (tot 1011)
[net/spc/it4_1.jsonl] game 9/12 tri/l moves 120 winner black +119 (tot 960)
[net/spc/it4_1.jsonl] game 10/12 elong/s moves 84 winner black +83 (tot 1043)
[net/spc/it4_2.jsonl] game 11/12 elong/m moves 134 winner white +132 (tot 1136)
[net/spc/it4_3.jsonl] game 11/12 elong/m moves 141 winner black +140 (tot 1151)
[net/spc/it4_1.jsonl] game 11/12 elong/m moves 121 winner black +119 (tot 1162)
[net/spc/it4_2.jsonl] game 12/12 elong/l moves 170 winner black +169 (tot 1305)
DONE net/spc/it4_2.jsonl: 1305 positions
[net/spc/it4_3.jsonl] game 12/12 elong/l moves 161 winner white +160 (tot 1311)
DONE net/spc/it4_3.jsonl: 1311 positions
[net/spc/it4_1.jsonl] game 12/12 elong/l moves 187 winner white +186 (tot 1348)
DONE net/spc/it4_1.jsonl: 1348 positions
[net/spc/it5_3.jsonl] game 1/12 tri/s moves 46 winner black +45 (tot 45)
[net/spc/it5_1.jsonl] game 1/12 tri/s moves 66 winner black +64 (tot 64)
[net/spc/it5_2.jsonl] game 1/12 tri/s moves 67 winner white +66 (tot 66)
[net/spc/it5_1.jsonl] game 2/12 tri/m moves 69 winner white +68 (tot 132)
[net/spc/it5_2.jsonl] game 2/12 tri/m moves 90 winner black +89 (tot 155)
[net/spc/it5_3.jsonl] game 2/12 tri/m moves 100 winner white +99 (tot 144)
[net/spc/it5_1.jsonl] game 3/12 tri/l moves 82 winner black +81 (tot 213)
[net/spc/it5_1.jsonl] game 4/12 elong/s moves 82 winner black +81 (tot 294)
[net/spc/it5_3.jsonl] game 3/12 tri/l moves 111 winner white +110 (tot 254)
[net/spc/it5_2.jsonl] game 3/12 tri/l moves 130 winner black +129 (tot 284)
[net/spc/it5_2.jsonl] game 4/12 elong/s moves 84 winner black +83 (tot 367)
[net/spc/it5_3.jsonl] game 4/12 elong/s moves 86 winner white +85 (tot 339)
[net/spc/it5_1.jsonl] game 5/12 elong/m moves 130 winner white +129 (tot 423)
[net/spc/it5_3.jsonl] game 5/12 elong/m moves 124 winner white +122 (tot 461)
[net/spc/it5_2.jsonl] game 5/12 elong/m moves 122 winner white +120 (tot 487)
[net/spc/it5_1.jsonl] game 6/12 elong/l moves 168 winner white +166 (tot 589)
[net/spc/it5_1.jsonl] game 7/12 tri/s moves 72 winner black +71 (tot 660)
[net/spc/it5_2.jsonl] game 6/12 elong/l moves 167 winner black +166 (tot 653)
[net/spc/it5_3.jsonl] game 6/12 elong/l moves 166 winner white +165 (tot 626)
[net/spc/it5_2.jsonl] game 7/12 tri/s moves 49 winner white +48 (tot 701)
[net/spc/it5_3.jsonl] game 7/12 tri/s moves 55 winner white +53 (tot 679)
[net/spc/it5_1.jsonl] game 8/12 tri/m moves 92 winner black +91 (tot 751)
[net/spc/it5_3.jsonl] game 8/12 tri/m moves 92 winner black +90 (tot 769)
[net/spc/it5_2.jsonl] game 8/12 tri/m moves 106 winner black +105 (tot 806)
[net/spc/it5_1.jsonl] game 9/12 tri/l moves 134 winner black +133 (tot 884)
[net/spc/it5_3.jsonl] game 9/12 tri/l moves 112 winner black +111 (tot 880)
[net/spc/it5_2.jsonl] game 9/12 tri/l moves 113 winner white +112 (tot 918)
[net/spc/it5_1.jsonl] game 10/12 elong/s moves 76 winner black +73 (tot 957)
[net/spc/it5_3.jsonl] game 10/12 elong/s moves 77 winner white +76 (tot 956)
[net/spc/it5_2.jsonl] game 10/12 elong/s moves 85 winner white +84 (tot 1002)
[net/spc/it5_1.jsonl] game 11/12 elong/m moves 128 winner white +127 (tot 1084)
[net/spc/it5_2.jsonl] game 11/12 elong/m moves 124 winner white +123 (tot 1125)
[net/spc/it5_3.jsonl] game 11/12 elong/m moves 141 winner white +139 (tot 1095)
[net/spc/it5_1.jsonl] game 12/12 elong/l moves 147 winner white +145 (tot 1229)
DONE net/spc/it5_1.jsonl: 1229 positions
[net/spc/it5_2.jsonl] game 12/12 elong/l moves 165 winner white +164 (tot 1289)
DONE net/spc/it5_2.jsonl: 1289 positions
[net/spc/it5_3.jsonl] game 12/12 elong/l moves 163 winner black +162 (tot 1257)
DONE net/spc/it5_3.jsonl: 1257 positions
[net/spc/it6_1.jsonl] game 1/12 tri/s moves 55 winner white +54 (tot 54)
[net/spc/it6_2.jsonl] game 1/12 tri/s moves 66 winner black +65 (tot 65)
[net/spc/it6_3.jsonl] game 1/12 tri/s moves 64 winner black +63 (tot 63)
[net/spc/it6_3.jsonl] game 2/12 tri/m moves 69 winner white +68 (tot 131)
[net/spc/it6_1.jsonl] game 2/12 tri/m moves 85 winner white +84 (tot 138)
[net/spc/it6_2.jsonl] game 2/12 tri/m moves 107 winner black +106 (tot 171)
[net/spc/it6_3.jsonl] game 3/12 tri/l moves 100 winner black +99 (tot 230)
[net/spc/it6_2.jsonl] game 3/12 tri/l moves 131 winner white +129 (tot 300)
[net/spc/it6_3.jsonl] game 4/12 elong/s moves 89 winner white +88 (tot 318)
[net/spc/it6_1.jsonl] game 3/12 tri/l moves 131 winner white +130 (tot 268)
[net/spc/it6_2.jsonl] game 4/12 elong/s moves 92 winner black +90 (tot 390)
[net/spc/it6_1.jsonl] game 4/12 elong/s moves 72 winner black +70 (tot 338)
[net/spc/it6_2.jsonl] game 5/12 elong/m moves 112 winner black +111 (tot 501)
[net/spc/it6_3.jsonl] game 5/12 elong/m moves 117 winner white +116 (tot 434)
[net/spc/it6_1.jsonl] game 5/12 elong/m moves 129 winner white +128 (tot 466)
[net/spc/it6_2.jsonl] game 6/12 elong/l moves 164 winner black +163 (tot 664)
[net/spc/it6_2.jsonl] game 7/12 tri/s moves 64 winner black +63 (tot 727)
[net/spc/it6_3.jsonl] game 6/12 elong/l moves 173 winner white +171 (tot 605)
[net/spc/it6_3.jsonl] game 7/12 tri/s moves 55 winner white +54 (tot 659)
[net/spc/it6_1.jsonl] game 6/12 elong/l moves 148 winner black +147 (tot 613)
[net/spc/it6_2.jsonl] game 8/12 tri/m moves 97 winner white +96 (tot 823)
[net/spc/it6_1.jsonl] game 7/12 tri/s moves 55 winner white +54 (tot 667)
[net/spc/it6_3.jsonl] game 8/12 tri/m moves 85 winner white +84 (tot 743)
[net/spc/it6_1.jsonl] game 8/12 tri/m moves 98 winner white +96 (tot 763)
[net/spc/it6_2.jsonl] game 9/12 tri/l moves 127 winner white +126 (tot 949)
[net/spc/it6_2.jsonl] game 10/12 elong/s moves 71 winner white +70 (tot 1019)
[net/spc/it6_3.jsonl] game 9/12 tri/l moves 138 winner black +137 (tot 880)
[net/spc/it6_1.jsonl] game 9/12 tri/l moves 121 winner white +120 (tot 883)
[net/spc/it6_3.jsonl] game 10/12 elong/s moves 88 winner white +87 (tot 967)
[net/spc/it6_1.jsonl] game 10/12 elong/s moves 84 winner white +82 (tot 965)
[net/spc/it6_3.jsonl] game 11/12 elong/m moves 113 winner white +112 (tot 1079)
[net/spc/it6_2.jsonl] game 11/12 elong/m moves 118 winner white +117 (tot 1136)
[net/spc/it6_1.jsonl] game 11/12 elong/m moves 114 winner black +113 (tot 1078)
[net/spc/it6_3.jsonl] game 12/12 elong/l moves 171 winner white +170 (tot 1249)
DONE net/spc/it6_3.jsonl: 1249 positions
[net/spc/it6_2.jsonl] game 12/12 elong/l moves 177 winner black +176 (tot 1312)
DONE net/spc/it6_2.jsonl: 1312 positions
[net/spc/it6_1.jsonl] game 12/12 elong/l moves 166 winner black +165 (tot 1243)
DONE net/spc/it6_1.jsonl: 1243 positions
[net/spc/it7_2.jsonl] game 1/12 tri/s moves 58 winner black +57 (tot 57)
[net/spc/it7_1.jsonl] game 1/12 tri/s moves 61 winner white +60 (tot 60)
[net/spc/it7_3.jsonl] game 1/12 tri/s moves 64 winner black +63 (tot 63)
[net/spc/it7_2.jsonl] game 2/12 tri/m moves 96 winner black +94 (tot 151)
[net/spc/it7_1.jsonl] game 2/12 tri/m moves 87 winner white +86 (tot 146)
[net/spc/it7_3.jsonl] game 2/12 tri/m moves 90 winner black +89 (tot 152)
[net/spc/it7_3.jsonl] game 3/12 tri/l moves 101 winner black +99 (tot 251)
[net/spc/it7_2.jsonl] game 3/12 tri/l moves 133 winner white +132 (tot 283)
[net/spc/it7_3.jsonl] game 4/12 elong/s moves 69 winner black +68 (tot 319)
[net/spc/it7_1.jsonl] game 3/12 tri/l moves 147 winner white +146 (tot 292)
[net/spc/it7_2.jsonl] game 4/12 elong/s moves 71 winner white +70 (tot 353)
[net/spc/it7_1.jsonl] game 4/12 elong/s moves 84 winner white +83 (tot 375)
[net/spc/it7_3.jsonl] game 5/12 elong/m moves 111 winner black +110 (tot 429)
[net/spc/it7_2.jsonl] game 5/12 elong/m moves 133 winner white +131 (tot 484)
[net/spc/it7_1.jsonl] game 5/12 elong/m moves 125 winner white +123 (tot 498)
[net/spc/it7_3.jsonl] game 6/12 elong/l moves 158 winner white +156 (tot 585)
[net/spc/it7_3.jsonl] game 7/12 tri/s moves 63 winner black +62 (tot 647)
[net/spc/it7_2.jsonl] game 6/12 elong/l moves 168 winner black +166 (tot 650)
[net/spc/it7_3.jsonl] game 8/12 tri/m moves 86 winner black +84 (tot 731)
[net/spc/it7_2.jsonl] game 7/12 tri/s moves 65 winner white +64 (tot 714)
[net/spc/it7_2.jsonl] game 8/12 tri/m moves 85 winner white +84 (tot 798)
[net/spc/it7_1.jsonl] game 6/12 elong/l moves 164 winner black +163 (tot 661)
[net/spc/it7_3.jsonl] game 9/12 tri/l moves 88 winner black +87 (tot 818)
[net/spc/it7_1.jsonl] game 7/12 tri/s moves 74 winner black +73 (tot 734)
[net/spc/it7_3.jsonl] game 10/12 elong/s moves 83 winner black +82 (tot 900)
[net/spc/it7_1.jsonl] game 8/12 tri/m moves 95 winner black +94 (tot 828)
[net/spc/it7_2.jsonl] game 9/12 tri/l moves 109 winner white +108 (tot 906)
[net/spc/it7_2.jsonl] game 10/12 elong/s moves 84 winner white +83 (tot 989)
[net/spc/it7_3.jsonl] game 11/12 elong/m moves 119 winner white +118 (tot 1018)
[net/spc/it7_1.jsonl] game 9/12 tri/l moves 122 winner white +121 (tot 949)
[net/spc/it7_2.jsonl] game 11/12 elong/m moves 105 winner white +104 (tot 1093)
[net/spc/it7_1.jsonl] game 10/12 elong/s moves 74 winner white +73 (tot 1022)
[net/spc/it7_1.jsonl] game 11/12 elong/m moves 112 winner black +111 (tot 1133)
[net/spc/it7_2.jsonl] game 12/12 elong/l moves 169 winner black +168 (tot 1261)
DONE net/spc/it7_2.jsonl: 1261 positions
[net/spc/it7_3.jsonl] game 12/12 elong/l moves 163 winner white +162 (tot 1180)
DONE net/spc/it7_3.jsonl: 1180 positions
[net/spc/it7_1.jsonl] game 12/12 elong/l moves 183 winner black +180 (tot 1313)
DONE net/spc/it7_1.jsonl: 1313 positions
[net/spc/it8_1.jsonl] game 1/12 tri/s moves 58 winner white +57 (tot 57)
[net/spc/it8_3.jsonl] game 1/12 tri/s moves 65 winner black +63 (tot 63)
[net/spc/it8_2.jsonl] game 1/12 tri/s moves 60 winner black +59 (tot 59)
[net/spc/it8_1.jsonl] game 2/12 tri/m moves 83 winner white +82 (tot 139)
[net/spc/it8_3.jsonl] game 2/12 tri/m moves 95 winner white +94 (tot 157)
[net/spc/it8_2.jsonl] game 2/12 tri/m moves 83 winner white +82 (tot 141)
[net/spc/it8_3.jsonl] game 3/12 tri/l moves 128 winner white +127 (tot 284)
[net/spc/it8_1.jsonl] game 3/12 tri/l moves 138 winner white +137 (tot 276)
[net/spc/it8_2.jsonl] game 3/12 tri/l moves 136 winner white +134 (tot 275)
[net/spc/it8_3.jsonl] game 4/12 elong/s moves 97 winner white +96 (tot 380)
[net/spc/it8_1.jsonl] game 4/12 elong/s moves 81 winner white +80 (tot 356)
[net/spc/it8_2.jsonl] game 4/12 elong/s moves 89 winner black +88 (tot 363)
[net/spc/it8_3.jsonl] game 5/12 elong/m moves 119 winner white +118 (tot 498)
[net/spc/it8_1.jsonl] game 5/12 elong/m moves 115 winner white +114 (tot 470)
[net/spc/it8_2.jsonl] game 5/12 elong/m moves 117 winner white +116 (tot 479)
[net/spc/it8_2.jsonl] game 6/12 elong/l moves 154 winner black +153 (tot 632)
[net/spc/it8_1.jsonl] game 6/12 elong/l moves 165 winner black +164 (tot 634)
[net/spc/it8_3.jsonl] game 6/12 elong/l moves 177 winner white +176 (tot 674)
[net/spc/it8_1.jsonl] game 7/12 tri/s moves 54 winner black +53 (tot 687)
[net/spc/it8_2.jsonl] game 7/12 tri/s moves 64 winner black +63 (tot 695)
[net/spc/it8_3.jsonl] game 7/12 tri/s moves 68 winner white +67 (tot 741)
[net/spc/it8_1.jsonl] game 8/12 tri/m moves 89 winner black +88 (tot 775)
[net/spc/it8_2.jsonl] game 8/12 tri/m moves 96 winner white +95 (tot 790)
[net/spc/it8_3.jsonl] game 8/12 tri/m moves 99 winner white +97 (tot 838)
[net/spc/it8_1.jsonl] game 9/12 tri/l moves 116 winner black +115 (tot 890)
[net/spc/it8_2.jsonl] game 9/12 tri/l moves 125 winner white +124 (tot 914)
[net/spc/it8_3.jsonl] game 9/12 tri/l moves 117 winner white +116 (tot 954)
[net/spc/it8_1.jsonl] game 10/12 elong/s moves 80 winner black +79 (tot 969)
[net/spc/it8_2.jsonl] game 10/12 elong/s moves 73 winner black +71 (tot 985)
[net/spc/it8_3.jsonl] game 10/12 elong/s moves 86 winner black +85 (tot 1039)
[net/spc/it8_1.jsonl] game 11/12 elong/m moves 111 winner black +110 (tot 1079)
[net/spc/it8_2.jsonl] game 11/12 elong/m moves 128 winner black +126 (tot 1111)
[net/spc/it8_3.jsonl] game 11/12 elong/m moves 110 winner white +109 (tot 1148)
[net/spc/it8_3.jsonl] game 12/12 elong/l moves 149 winner white +148 (tot 1296)
DONE net/spc/it8_3.jsonl: 1296 positions
[net/spc/it8_2.jsonl] game 12/12 elong/l moves 165 winner black +164 (tot 1275)
DONE net/spc/it8_2.jsonl: 1275 positions
[net/spc/it8_1.jsonl] game 12/12 elong/l moves 173 winner white +172 (tot 1251)
DONE net/spc/it8_1.jsonl: 1251 positions
[net/spc/it9_1.jsonl] game 1/12 tri/s moves 55 winner white +54 (tot 54)
[net/spc/it9_3.jsonl] game 1/12 tri/s moves 62 winner white +61 (tot 61)
[net/spc/it9_2.jsonl] game 1/12 tri/s moves 72 winner white +71 (tot 71)
[net/spc/it9_1.jsonl] game 2/12 tri/m moves 92 winner black +90 (tot 144)
[net/spc/it9_3.jsonl] game 2/12 tri/m moves 92 winner black +91 (tot 152)
[net/spc/it9_2.jsonl] game 2/12 tri/m moves 99 winner white +98 (tot 169)
[net/spc/it9_1.jsonl] game 3/12 tri/l moves 128 winner white +127 (tot 271)
[net/spc/it9_3.jsonl] game 3/12 tri/l moves 139 winner white +138 (tot 290)
[net/spc/it9_2.jsonl] game 3/12 tri/l moves 143 winner white +142 (tot 311)
[net/spc/it9_1.jsonl] game 4/12 elong/s moves 84 winner white +83 (tot 354)
[net/spc/it9_3.jsonl] game 4/12 elong/s moves 83 winner black +82 (tot 372)
[net/spc/it9_2.jsonl] game 4/12 elong/s moves 76 winner black +75 (tot 386)
[net/spc/it9_3.jsonl] game 5/12 elong/m moves 118 winner black +117 (tot 489)
[net/spc/it9_2.jsonl] game 5/12 elong/m moves 119 winner black +118 (tot 504)
[net/spc/it9_1.jsonl] game 5/12 elong/m moves 138 winner black +137 (tot 491)
[net/spc/it9_2.jsonl] game 6/12 elong/l moves 175 winner white +174 (tot 678)
[net/spc/it9_2.jsonl] game 7/12 tri/s moves 53 winner white +52 (tot 730)
[net/spc/it9_1.jsonl] game 6/12 elong/l moves 163 winner white +162 (tot 653)
[net/spc/it9_1.jsonl] game 7/12 tri/s moves 59 winner white +58 (tot 711)
[net/spc/it9_2.jsonl] game 8/12 tri/m moves 94 winner white +93 (tot 823)
[net/spc/it9_3.jsonl] game 6/12 elong/l moves 179 winner white +178 (tot 667)
[net/spc/it9_1.jsonl] game 8/12 tri/m moves 70 winner black +69 (tot 780)
[net/spc/it9_3.jsonl] game 7/12 tri/s moves 67 winner black +66 (tot 733)
[net/spc/it9_3.jsonl] game 8/12 tri/m moves 88 winner black +87 (tot 820)
[net/spc/it9_2.jsonl] game 9/12 tri/l moves 135 winner white +134 (tot 957)
[net/spc/it9_1.jsonl] game 9/12 tri/l moves 99 winner white +98 (tot 878)
[net/spc/it9_2.jsonl] game 10/12 elong/s moves 73 winner white +72 (tot 1029)
[net/spc/it9_1.jsonl] game 10/12 elong/s moves 82 winner black +81 (tot 959)
[net/spc/it9_3.jsonl] game 9/12 tri/l moves 132 winner black +131 (tot 951)
[net/spc/it9_3.jsonl] game 10/12 elong/s moves 76 winner white +75 (tot 1026)
[net/spc/it9_2.jsonl] game 11/12 elong/m moves 126 winner white +125 (tot 1154)
[net/spc/it9_1.jsonl] game 11/12 elong/m moves 128 winner white +127 (tot 1086)
[net/spc/it9_3.jsonl] game 11/12 elong/m moves 126 winner white +122 (tot 1148)
[net/spc/it9_1.jsonl] game 12/12 elong/l moves 171 winner white +169 (tot 1255)
DONE net/spc/it9_1.jsonl: 1255 positions
[net/spc/it9_2.jsonl] game 12/12 elong/l moves 169 winner white +168 (tot 1322)
DONE net/spc/it9_2.jsonl: 1322 positions
[net/spc/it9_3.jsonl] game 12/12 elong/l moves 183 winner black +182 (tot 1330)
DONE net/spc/it9_3.jsonl: 1330 positions
[net/spc/it10_2.jsonl] game 1/12 tri/s moves 47 winner white +46 (tot 46)
[net/spc/it10_1.jsonl] game 1/12 tri/s moves 69 winner black +68 (tot 68)
[net/spc/it10_3.jsonl] game 1/12 tri/s moves 74 winner black +73 (tot 73)
[net/spc/it10_2.jsonl] game 2/12 tri/m moves 89 winner white +88 (tot 134)
[net/spc/it10_3.jsonl] game 2/12 tri/m moves 79 winner white +77 (tot 150)
[net/spc/it10_1.jsonl] game 2/12 tri/m moves 94 winner black +93 (tot 161)
[net/spc/it10_3.jsonl] game 3/12 tri/l moves 61 winner white +60 (tot 210)
[net/spc/it10_3.jsonl] game 4/12 elong/s moves 73 winner white +72 (tot 282)
[net/spc/it10_2.jsonl] game 3/12 tri/l moves 119 winner white +118 (tot 252)
[net/spc/it10_1.jsonl] game 3/12 tri/l moves 134 winner white +132 (tot 293)
[net/spc/it10_2.jsonl] game 4/12 elong/s moves 77 winner black +76 (tot 328)
[net/spc/it10_1.jsonl] game 4/12 elong/s moves 90 winner black +88 (tot 381)
[net/spc/it10_3.jsonl] game 5/12 elong/m moves 108 winner black +107 (tot 389)
[net/spc/it10_2.jsonl] game 5/12 elong/m moves 117 winner black +115 (tot 443)
[net/spc/it10_1.jsonl] game 5/12 elong/m moves 118 winner white +117 (tot 498)
[net/spc/it10_2.jsonl] game 6/12 elong/l moves 155 winner black +154 (tot 597)
[net/spc/it10_2.jsonl] game 7/12 tri/s moves 57 winner white +56 (tot 653)
[net/spc/it10_2.jsonl] game 8/12 tri/m moves 72 winner black +71 (tot 724)
[net/spc/it10_1.jsonl] game 6/12 elong/l moves 189 winner black +187 (tot 685)
[net/spc/it10_1.jsonl] game 7/12 tri/s moves 76 winner black +75 (tot 760)
[net/spc/it10_3.jsonl] game 6/12 elong/l moves 173 winner white +172 (tot 561)
[net/spc/it10_3.jsonl] game 7/12 tri/s moves 73 winner black +72 (tot 633)
[net/spc/it10_2.jsonl] game 9/12 tri/l moves 94 winner black +93 (tot 817)
[net/spc/it10_1.jsonl] game 8/12 tri/m moves 103 winner white +101 (tot 861)
[net/spc/it10_3.jsonl] game 8/12 tri/m moves 89 winner black +88 (tot 721)
[net/spc/it10_2.jsonl] game 10/12 elong/s moves 89 winner black +87 (tot 904)
[net/spc/it10_1.jsonl] game 9/12 tri/l moves 124 winner black +123 (tot 984)
[net/spc/it10_2.jsonl] game 11/12 elong/m moves 121 winner black +119 (tot 1023)
[net/spc/it10_3.jsonl] game 9/12 tri/l moves 123 winner white +121 (tot 842)
[net/spc/it10_1.jsonl] game 10/12 elong/s moves 83 winner black +82 (tot 1066)
[net/spc/it10_3.jsonl] game 10/12 elong/s moves 85 winner black +83 (tot 925)
[net/spc/it10_3.jsonl] game 11/12 elong/m moves 108 winner white +107 (tot 1032)
[net/spc/it10_1.jsonl] game 11/12 elong/m moves 132 winner black +131 (tot 1197)
[net/spc/it10_2.jsonl] game 12/12 elong/l moves 155 winner white +154 (tot 1177)
DONE net/spc/it10_2.jsonl: 1177 positions
[net/spc/it10_3.jsonl] game 12/12 elong/l moves 162 winner black +161 (tot 1193)
DONE net/spc/it10_3.jsonl: 1193 positions
[net/spc/it10_1.jsonl] game 12/12 elong/l moves 175 winner white +174 (tot 1371)
DONE net/spc/it10_1.jsonl: 1371 positions
[net/spc/it11_2.jsonl] game 1/12 tri/s moves 55 winner white +54 (tot 54)
[net/spc/it11_1.jsonl] game 1/12 tri/s moves 57 winner white +56 (tot 56)
[net/spc/it11_3.jsonl] game 1/12 tri/s moves 69 winner black +68 (tot 68)
[net/spc/it11_2.jsonl] game 2/12 tri/m moves 80 winner black +79 (tot 133)
[net/spc/it11_3.jsonl] game 2/12 tri/m moves 89 winner white +88 (tot 156)
[net/spc/it11_1.jsonl] game 2/12 tri/m moves 111 winner white +110 (tot 166)
[net/spc/it11_2.jsonl] game 3/12 tri/l moves 141 winner white +139 (tot 272)
[net/spc/it11_1.jsonl] game 3/12 tri/l moves 131 winner black +129 (tot 295)
[net/spc/it11_3.jsonl] game 3/12 tri/l moves 131 winner black +130 (tot 286)
[net/spc/it11_2.jsonl] game 4/12 elong/s moves 77 winner black +76 (tot 348)
[net/spc/it11_1.jsonl] game 4/12 elong/s moves 90 winner black +89 (tot 384)
[net/spc/it11_3.jsonl] game 4/12 elong/s moves 88 winner white +87 (tot 373)
[net/spc/it11_2.jsonl] game 5/12 elong/m moves 116 winner black +114 (tot 462)
[net/spc/it11_1.jsonl] game 5/12 elong/m moves 121 winner white +120 (tot 504)
[net/spc/it11_3.jsonl] game 5/12 elong/m moves 130 winner black +128 (tot 501)
[net/spc/it11_2.jsonl] game 6/12 elong/l moves 157 winner black +156 (tot 618)
[net/spc/it11_1.jsonl] game 6/12 elong/l moves 155 winner white +154 (tot 658)
[net/spc/it11_2.jsonl] game 7/12 tri/s moves 58 winner white +57 (tot 675)
[net/spc/it11_1.jsonl] game 7/12 tri/s moves 66 winner white +65 (tot 723)
[net/spc/it11_3.jsonl] game 6/12 elong/l moves 166 winner white +165 (tot 666)
[net/spc/it11_3.jsonl] game 7/12 tri/s moves 76 winner white +75 (tot 741)
[net/spc/it11_2.jsonl] game 8/12 tri/m moves 96 winner black +94 (tot 769)
[net/spc/it11_1.jsonl] game 8/12 tri/m moves 97 winner white +96 (tot 819)
[net/spc/it11_3.jsonl] game 8/12 tri/m moves 103 winner black +101 (tot 842)
[net/spc/it11_2.jsonl] game 9/12 tri/l moves 121 winner white +119 (tot 888)
[net/spc/it11_1.jsonl] game 9/12 tri/l moves 127 winner black +125 (tot 944)
[net/spc/it11_2.jsonl] game 10/12 elong/s moves 89 winner black +88 (tot 976)
[net/spc/it11_3.jsonl] game 9/12 tri/l moves 125 winner white +124 (tot 966)
[net/spc/it11_1.jsonl] game 10/12 elong/s moves 75 winner white +74 (tot 1018)
[net/spc/it11_3.jsonl] game 10/12 elong/s moves 94 winner white +93 (tot 1059)
[net/spc/it11_2.jsonl] game 11/12 elong/m moves 124 winner black +123 (tot 1099)
[net/spc/it11_1.jsonl] game 11/12 elong/m moves 125 winner white +124 (tot 1142)
[net/spc/it11_3.jsonl] game 11/12 elong/m moves 116 winner white +115 (tot 1174)
[net/spc/it11_2.jsonl] game 12/12 elong/l moves 166 winner white +164 (tot 1263)
DONE net/spc/it11_2.jsonl: 1263 positions
[net/spc/it11_1.jsonl] game 12/12 elong/l moves 162 winner black +161 (tot 1303)
DONE net/spc/it11_1.jsonl: 1303 positions
[net/spc/it11_3.jsonl] game 12/12 elong/l moves 171 winner white +170 (tot 1344)
DONE net/spc/it11_3.jsonl: 1344 positions
[net/spc/it12_3.jsonl] game 1/12 tri/s moves 57 winner white +56 (tot 56)
[net/spc/it12_2.jsonl] game 1/12 tri/s moves 70 winner black +68 (tot 68)
[net/spc/it12_1.jsonl] game 1/12 tri/s moves 69 winner white +68 (tot 68)
[net/spc/it12_2.jsonl] game 2/12 tri/m moves 77 winner white +76 (tot 144)
[net/spc/it12_1.jsonl] game 2/12 tri/m moves 85 winner black +84 (tot 152)
[net/spc/it12_3.jsonl] game 2/12 tri/m moves 80 winner black +79 (tot 135)
[net/spc/it12_2.jsonl] game 3/12 tri/l moves 80 winner black +79 (tot 223)
[net/spc/it12_2.jsonl] game 4/12 elong/s moves 72 winner white +71 (tot 294)
[net/spc/it12_3.jsonl] game 3/12 tri/l moves 121 winner white +120 (tot 255)
[net/spc/it12_1.jsonl] game 3/12 tri/l moves 134 winner black +133 (tot 285)
[net/spc/it12_3.jsonl] game 4/12 elong/s moves 80 winner black +79 (tot 334)
[net/spc/it12_1.jsonl] game 4/12 elong/s moves 87 winner white +85 (tot 370)
[net/spc/it12_2.jsonl] game 5/12 elong/m moves 105 winner white +104 (tot 398)
[net/spc/it12_3.jsonl] game 5/12 elong/m moves 113 winner white +112 (tot 446)
[net/spc/it12_1.jsonl] game 5/12 elong/m moves 110 winner black +109 (tot 479)
[net/spc/it12_2.jsonl] game 6/12 elong/l moves 153 winner black +152 (tot 550)
[net/spc/it12_2.jsonl] game 7/12 tri/s moves 78 winner white +77 (tot 627)
[net/spc/it12_3.jsonl] game 6/12 elong/l moves 160 winner white +159 (tot 605)
[net/spc/it12_2.jsonl] game 8/12 tri/m moves 90 winner white +88 (tot 715)
[net/spc/it12_3.jsonl] game 7/12 tri/s moves 72 winner black +70 (tot 675)
[net/spc/it12_1.jsonl] game 6/12 elong/l moves 181 winner white +178 (tot 657)
[net/spc/it12_3.jsonl] game 8/12 tri/m moves 63 winner white +62 (tot 737)
[net/spc/it12_1.jsonl] game 7/12 tri/s moves 46 winner black +45 (tot 702)
[net/spc/it12_1.jsonl] game 8/12 tri/m moves 64 winner black +63 (tot 765)
[net/spc/it12_2.jsonl] game 9/12 tri/l moves 137 winner black +135 (tot 850)
[net/spc/it12_2.jsonl] game 10/12 elong/s moves 97 winner white +96 (tot 946)
[net/spc/it12_3.jsonl] game 9/12 tri/l moves 140 winner black +138 (tot 875)
[net/spc/it12_3.jsonl] game 10/12 elong/s moves 77 winner white +76 (tot 951)
[net/spc/it12_1.jsonl] game 9/12 tri/l moves 120 winner black +119 (tot 884)
[net/spc/it12_2.jsonl] game 11/12 elong/m moves 109 winner black +108 (tot 1054)
[net/spc/it12_1.jsonl] game 10/12 elong/s moves 81 winner white +80 (tot 964)
[net/spc/it12_3.jsonl] game 11/12 elong/m moves 115 winner white +114 (tot 1065)
[net/spc/it12_1.jsonl] game 11/12 elong/m moves 106 winner black +105 (tot 1069)
[net/spc/it12_2.jsonl] game 12/12 elong/l moves 153 winner black +152 (tot 1206)
DONE net/spc/it12_2.jsonl: 1206 positions
[net/spc/it12_3.jsonl] game 12/12 elong/l moves 163 winner white +162 (tot 1227)
DONE net/spc/it12_3.jsonl: 1227 positions
[net/spc/it12_1.jsonl] game 12/12 elong/l moves 156 winner white +154 (tot 1223)
DONE net/spc/it12_1.jsonl: 1223 positions
[net/spc/it13_2.jsonl] game 1/12 tri/s moves 63 winner black +62 (tot 62)
[net/spc/it13_3.jsonl] game 1/12 tri/s moves 70 winner white +68 (tot 68)
[net/spc/it13_1.jsonl] game 1/12 tri/s moves 77 winner white +76 (tot 76)
[net/spc/it13_2.jsonl] game 2/12 tri/m moves 72 winner black +71 (tot 133)
[net/spc/it13_3.jsonl] game 2/12 tri/m moves 88 winner black +86 (tot 154)
[net/spc/it13_1.jsonl] game 2/12 tri/m moves 75 winner white +74 (tot 150)
[net/spc/it13_3.jsonl] game 3/12 tri/l moves 126 winner black +124 (tot 278)
[net/spc/it13_2.jsonl] game 3/12 tri/l moves 136 winner black +134 (tot 267)
[net/spc/it13_1.jsonl] game 3/12 tri/l moves 139 winner white +137 (tot 287)
[net/spc/it13_3.jsonl] game 4/12 elong/s moves 80 winner white +79 (tot 357)
[net/spc/it13_2.jsonl] game 4/12 elong/s moves 76 winner black +75 (tot 342)
[net/spc/it13_1.jsonl] game 4/12 elong/s moves 84 winner black +81 (tot 368)
[net/spc/it13_1.jsonl] game 5/12 elong/m moves 123 winner white +122 (tot 490)
[net/spc/it13_3.jsonl] game 5/12 elong/m moves 117 winner black +116 (tot 473)
[net/spc/it13_2.jsonl] game 5/12 elong/m moves 123 winner black +122 (tot 464)
[net/spc/it13_1.jsonl] game 6/12 elong/l moves 173 winner black +172 (tot 662)
[net/spc/it13_3.jsonl] game 6/12 elong/l moves 169 winner white +168 (tot 641)
[net/spc/it13_1.jsonl] game 7/12 tri/s moves 64 winner white +62 (tot 724)
[net/spc/it13_3.jsonl] game 7/12 tri/s moves 73 winner white +71 (tot 712)
[net/spc/it13_1.jsonl] game 8/12 tri/m moves 89 winner white +88 (tot 812)
[net/spc/it13_3.jsonl] game 8/12 tri/m moves 96 winner white +95 (tot 807)
[net/spc/it13_2.jsonl] game 6/12 elong/l moves 177 winner black +175 (tot 639)
[net/spc/it13_2.jsonl] game 7/12 tri/s moves 60 winner black +59 (tot 698)
[net/spc/it13_1.jsonl] game 9/12 tri/l moves 100 winner black +99 (tot 911)
[net/spc/it13_2.jsonl] game 8/12 tri/m moves 94 winner black +92 (tot 790)
[net/spc/it13_1.jsonl] game 10/12 elong/s moves 63 winner white +62 (tot 973)
[net/spc/it13_3.jsonl] game 9/12 tri/l moves 128 winner black +127 (tot 934)
[net/spc/it13_3.jsonl] game 10/12 elong/s moves 82 winner black +81 (tot 1015)
[net/spc/it13_2.jsonl] game 9/12 tri/l moves 98 winner black +97 (tot 887)
[net/spc/it13_1.jsonl] game 11/12 elong/m moves 117 winner white +115 (tot 1088)
[net/spc/it13_2.jsonl] game 10/12 elong/s moves 80 winner black +79 (tot 966)
[net/spc/it13_3.jsonl] game 11/12 elong/m moves 125 winner white +124 (tot 1139)
[net/spc/it13_2.jsonl] game 11/12 elong/m moves 107 winner white +106 (tot 1072)
[net/spc/it13_1.jsonl] game 12/12 elong/l moves 169 winner white +168 (tot 1256)
DONE net/spc/it13_1.jsonl: 1256 positions
[net/spc/it13_2.jsonl] game 12/12 elong/l moves 148 winner black +147 (tot 1219)
DONE net/spc/it13_2.jsonl: 1219 positions
[net/spc/it13_3.jsonl] game 12/12 elong/l moves 164 winner black +163 (tot 1302)
DONE net/spc/it13_3.jsonl: 1302 positions
[net/spc/it14_3.jsonl] game 1/12 tri/s moves 61 winner white +60 (tot 60)
[net/spc/it14_2.jsonl] game 1/12 tri/s moves 68 winner white +67 (tot 67)
[net/spc/it14_1.jsonl] game 1/12 tri/s moves 78 winner white +77 (tot 77)
[net/spc/it14_3.jsonl] game 2/12 tri/m moves 69 winner white +68 (tot 128)
[net/spc/it14_2.jsonl] game 2/12 tri/m moves 78 winner black +77 (tot 144)
[net/spc/it14_1.jsonl] game 2/12 tri/m moves 90 winner white +89 (tot 166)
[net/spc/it14_3.jsonl] game 3/12 tri/l moves 105 winner white +104 (tot 232)
[net/spc/it14_2.jsonl] game 3/12 tri/l moves 121 winner black +120 (tot 264)
[net/spc/it14_1.jsonl] game 3/12 tri/l moves 124 winner black +123 (tot 289)
[net/spc/it14_3.jsonl] game 4/12 elong/s moves 77 winner black +75 (tot 307)
[net/spc/it14_2.jsonl] game 4/12 elong/s moves 68 winner black +67 (tot 331)
[net/spc/it14_1.jsonl] game 4/12 elong/s moves 89 winner white +86 (tot 375)
[net/spc/it14_3.jsonl] game 5/12 elong/m moves 116 winner white +114 (tot 421)
[net/spc/it14_2.jsonl] game 5/12 elong/m moves 117 winner black +116 (tot 447)
[net/spc/it14_1.jsonl] game 5/12 elong/m moves 118 winner black +117 (tot 492)
[net/spc/it14_3.jsonl] game 6/12 elong/l moves 167 winner black +166 (tot 587)
[net/spc/it14_3.jsonl] game 7/12 tri/s moves 59 winner white +57 (tot 644)
[net/spc/it14_1.jsonl] game 6/12 elong/l moves 153 winner black +152 (tot 644)
[net/spc/it14_3.jsonl] game 8/12 tri/m moves 67 winner white +66 (tot 710)
[net/spc/it14_1.jsonl] game 7/12 tri/s moves 67 winner black +66 (tot 710)
[net/spc/it14_2.jsonl] game 6/12 elong/l moves 168 winner white +167 (tot 614)
[net/spc/it14_1.jsonl] game 8/12 tri/m moves 95 winner black +92 (tot 802)
[net/spc/it14_2.jsonl] game 7/12 tri/s moves 64 winner black +63 (tot 677)
[net/spc/it14_3.jsonl] game 9/12 tri/l moves 107 winner black +105 (tot 815)
[net/spc/it14_3.jsonl] game 10/12 elong/s moves 83 winner black +82 (tot 897)
[net/spc/it14_2.jsonl] game 8/12 tri/m moves 93 winner black +92 (tot 769)
[net/spc/it14_1.jsonl] game 9/12 tri/l moves 126 winner black +124 (tot 926)
[net/spc/it14_1.jsonl] game 10/12 elong/s moves 84 winner white +83 (tot 1009)
[net/spc/it14_3.jsonl] game 11/12 elong/m moves 122 winner black +121 (tot 1018)
[net/spc/it14_2.jsonl] game 9/12 tri/l moves 127 winner white +126 (tot 895)
[net/spc/it14_2.jsonl] game 10/12 elong/s moves 91 winner white +89 (tot 984)
[net/spc/it14_1.jsonl] game 11/12 elong/m moves 113 winner white +112 (tot 1121)
[net/spc/it14_2.jsonl] game 11/12 elong/m moves 110 winner white +109 (tot 1093)
[net/spc/it14_3.jsonl] game 12/12 elong/l moves 166 winner black +165 (tot 1183)
DONE net/spc/it14_3.jsonl: 1183 positions
[net/spc/it14_1.jsonl] game 12/12 elong/l moves 171 winner white +170 (tot 1291)
DONE net/spc/it14_1.jsonl: 1291 positions
[net/spc/it14_2.jsonl] game 12/12 elong/l moves 161 winner white +160 (tot 1253)
DONE net/spc/it14_2.jsonl: 1253 positions
[net/spc/it15_3.jsonl] game 1/12 tri/s moves 49 winner white +47 (tot 47)
[net/spc/it15_1.jsonl] game 1/12 tri/s moves 52 winner black +51 (tot 51)
[net/spc/it15_2.jsonl] game 1/12 tri/s moves 65 winner white +63 (tot 63)
[net/spc/it15_2.jsonl] game 2/12 tri/m moves 58 winner black +57 (tot 120)
[net/spc/it15_3.jsonl] game 2/12 tri/m moves 99 winner white +97 (tot 144)
[net/spc/it15_1.jsonl] game 2/12 tri/m moves 88 winner white +86 (tot 137)
[net/spc/it15_2.jsonl] game 3/12 tri/l moves 117 winner black +116 (tot 236)
[net/spc/it15_1.jsonl] game 3/12 tri/l moves 115 winner white +113 (tot 250)
[net/spc/it15_3.jsonl] game 3/12 tri/l moves 123 winner black +122 (tot 266)
[net/spc/it15_2.jsonl] game 4/12 elong/s moves 82 winner black +81 (tot 317)
[net/spc/it15_1.jsonl] game 4/12 elong/s moves 74 winner black +73 (tot 323)
[net/spc/it15_3.jsonl] game 4/12 elong/s moves 80 winner black +79 (tot 345)
[net/spc/it15_3.jsonl] game 5/12 elong/m moves 113 winner white +112 (tot 457)
[net/spc/it15_1.jsonl] game 5/12 elong/m moves 123 winner black +122 (tot 445)
[net/spc/it15_2.jsonl] game 5/12 elong/m moves 130 winner black +128 (tot 445)
[net/spc/it15_2.jsonl] game 6/12 elong/l moves 162 winner black +161 (tot 606)
[net/spc/it15_3.jsonl] game 6/12 elong/l moves 172 winner black +171 (tot 628)
[net/spc/it15_1.jsonl] game 6/12 elong/l moves 165 winner white +164 (tot 609)
[net/spc/it15_2.jsonl] game 7/12 tri/s moves 71 winner white +70 (tot 676)
[net/spc/it15_3.jsonl] game 7/12 tri/s moves 63 winner white +62 (tot 690)
[net/spc/it15_1.jsonl] game 7/12 tri/s moves 68 winner black +67 (tot 676)
[net/spc/it15_2.jsonl] game 8/12 tri/m moves 89 winner white +88 (tot 764)
[net/spc/it15_1.jsonl] game 8/12 tri/m moves 59 winner white +58 (tot 734)
[net/spc/it15_3.jsonl] game 8/12 tri/m moves 95 winner white +94 (tot 784)
[net/spc/it15_2.jsonl] game 9/12 tri/l moves 124 winner white +123 (tot 887)
[net/spc/it15_1.jsonl] game 9/12 tri/l moves 135 winner black +133 (tot 867)
[net/spc/it15_3.jsonl] game 9/12 tri/l moves 111 winner white +110 (tot 894)
[net/spc/it15_3.jsonl] game 10/12 elong/s moves 62 winner black +61 (tot 955)
[net/spc/it15_2.jsonl] game 10/12 elong/s moves 80 winner black +79 (tot 966)
[net/spc/it15_1.jsonl] game 10/12 elong/s moves 78 winner white +77 (tot 944)
[net/spc/it15_3.jsonl] game 11/12 elong/m moves 121 winner white +120 (tot 1075)
[net/spc/it15_2.jsonl] game 11/12 elong/m moves 117 winner black +116 (tot 1082)
[net/spc/it15_1.jsonl] game 11/12 elong/m moves 138 winner white +137 (tot 1081)
[net/spc/it15_3.jsonl] game 12/12 elong/l moves 162 winner white +161 (tot 1236)
DONE net/spc/it15_3.jsonl: 1236 positions
[net/spc/it15_2.jsonl] game 12/12 elong/l moves 173 winner white +172 (tot 1254)
DONE net/spc/it15_2.jsonl: 1254 positions
[net/spc/it15_1.jsonl] game 12/12 elong/l moves 170 winner black +169 (tot 1250)
DONE net/spc/it15_1.jsonl: 1250 positions
[net/spc/it16_1.jsonl] game 1/12 tri/s moves 50 winner black +49 (tot 49)
[net/spc/it16_3.jsonl] game 1/12 tri/s moves 63 winner black +61 (tot 61)
[net/spc/it16_2.jsonl] game 1/12 tri/s moves 67 winner black +66 (tot 66)
[net/spc/it16_2.jsonl] game 2/12 tri/m moves 94 winner black +93 (tot 159)
[net/spc/it16_1.jsonl] game 2/12 tri/m moves 107 winner white +106 (tot 155)
[net/spc/it16_3.jsonl] game 2/12 tri/m moves 111 winner white +109 (tot 170)
[net/spc/it16_1.jsonl] game 3/12 tri/l moves 115 winner white +112 (tot 267)
[net/spc/it16_2.jsonl] game 3/12 tri/l moves 110 winner white +109 (tot 268)
[net/spc/it16_3.jsonl] game 3/12 tri/l moves 113 winner white +112 (tot 282)
[net/spc/it16_1.jsonl] game 4/12 elong/s moves 77 winner white +76 (tot 343)
[net/spc/it16_2.jsonl] game 4/12 elong/s moves 84 winner white +83 (tot 351)
[net/spc/it16_3.jsonl] game 4/12 elong/s moves 71 winner white +70 (tot 352)
[net/spc/it16_2.jsonl] game 5/12 elong/m moves 112 winner black +111 (tot 462)
[net/spc/it16_3.jsonl] game 5/12 elong/m moves 124 winner white +123 (tot 475)
[net/spc/it16_1.jsonl] game 5/12 elong/m moves 128 winner white +127 (tot 470)
[net/spc/it16_3.jsonl] game 6/12 elong/l moves 173 winner black +171 (tot 646)
[net/spc/it16_2.jsonl] game 6/12 elong/l moves 163 winner white +162 (tot 624)
[net/spc/it16_3.jsonl] game 7/12 tri/s moves 74 winner white +73 (tot 719)
[net/spc/it16_2.jsonl] game 7/12 tri/s moves 52 winner black +51 (tot 675)
[net/spc/it16_2.jsonl] game 8/12 tri/m moves 47 winner white +46 (tot 721)
[net/spc/it16_3.jsonl] game 8/12 tri/m moves 91 winner black +90 (tot 809)
[net/spc/it16_1.jsonl] game 6/12 elong/l moves 165 winner white +162 (tot 632)
[net/spc/it16_1.jsonl] game 7/12 tri/s moves 70 winner black +68 (tot 700)
[net/spc/it16_2.jsonl] game 9/12 tri/l moves 106 winner black +105 (tot 826)
[net/spc/it16_1.jsonl] game 8/12 tri/m moves 78 winner black +77 (tot 777)
[net/spc/it16_3.jsonl] game 9/12 tri/l moves 122 winner white +120 (tot 929)
[net/spc/it16_2.jsonl] game 10/12 elong/s moves 81 winner black +80 (tot 906)
[net/spc/it16_3.jsonl] game 10/12 elong/s moves 87 winner white +86 (tot 1015)
[net/spc/it16_1.jsonl] game 9/12 tri/l moves 119 winner white +118 (tot 895)
[net/spc/it16_2.jsonl] game 11/12 elong/m moves 121 winner white +120 (tot 1026)
[net/spc/it16_1.jsonl] game 10/12 elong/s moves 70 winner black +68 (tot 963)
[net/spc/it16_3.jsonl] game 11/12 elong/m moves 114 winner black +113 (tot 1128)
[net/spc/it16_1.jsonl] game 11/12 elong/m moves 137 winner white +136 (tot 1099)
[net/spc/it16_3.jsonl] game 12/12 elong/l moves 159 winner black +158 (tot 1286)
DONE net/spc/it16_3.jsonl: 1286 positions
[net/spc/it16_2.jsonl] game 12/12 elong/l moves 163 winner white +161 (tot 1187)
DONE net/spc/it16_2.jsonl: 1187 positions
[net/spc/it16_1.jsonl] game 12/12 elong/l moves 179 winner white +178 (tot 1277)
DONE net/spc/it16_1.jsonl: 1277 positions
[net/spc/it17_3.jsonl] game 1/12 tri/s moves 52 winner black +51 (tot 51)
[net/spc/it17_2.jsonl] game 1/12 tri/s moves 66 winner black +65 (tot 65)
[net/spc/it17_1.jsonl] game 1/12 tri/s moves 73 winner white +71 (tot 71)
[net/spc/it17_3.jsonl] game 2/12 tri/m moves 95 winner white +94 (tot 145)
[net/spc/it17_1.jsonl] game 2/12 tri/m moves 85 winner black +84 (tot 155)
[net/spc/it17_2.jsonl] game 2/12 tri/m moves 100 winner white +99 (tot 164)
[net/spc/it17_1.jsonl] game 3/12 tri/l moves 92 winner white +91 (tot 246)
[net/spc/it17_3.jsonl] game 3/12 tri/l moves 113 winner white +112 (tot 257)
[net/spc/it17_2.jsonl] game 3/12 tri/l moves 132 winner black +131 (tot 295)
[net/spc/it17_1.jsonl] game 4/12 elong/s moves 87 winner black +85 (tot 331)
[net/spc/it17_3.jsonl] game 4/12 elong/s moves 82 winner black +80 (tot 337)
[net/spc/it17_2.jsonl] game 4/12 elong/s moves 82 winner black +81 (tot 376)
[net/spc/it17_1.jsonl] game 5/12 elong/m moves 121 winner white +119 (tot 450)
[net/spc/it17_3.jsonl] game 5/12 elong/m moves 112 winner white +111 (tot 448)
[net/spc/it17_2.jsonl] game 5/12 elong/m moves 127 winner white +126 (tot 502)
[net/spc/it17_1.jsonl] game 6/12 elong/l moves 154 winner black +153 (tot 603)
[net/spc/it17_1.jsonl] game 7/12 tri/s moves 49 winner white +48 (tot 651)
[net/spc/it17_2.jsonl] game 6/12 elong/l moves 164 winner white +163 (tot 665)
[net/spc/it17_1.jsonl] game 8/12 tri/m moves 114 winner black +112 (tot 763)
[net/spc/it17_2.jsonl] game 7/12 tri/s moves 70 winner black +67 (tot 732)
[net/spc/it17_3.jsonl] game 6/12 elong/l moves 160 winner white +158 (tot 606)
[net/spc/it17_3.jsonl] game 7/12 tri/s moves 61 winner black +60 (tot 666)
[net/spc/it17_2.jsonl] game 8/12 tri/m moves 93 winner white +92 (tot 824)
[net/spc/it17_1.jsonl] game 9/12 tri/l moves 108 winner black +107 (tot 870)
[net/spc/it17_3.jsonl] game 8/12 tri/m moves 100 winner black +99 (tot 765)
[net/spc/it17_1.jsonl] game 10/12 elong/s moves 78 winner black +77 (tot 947)
[net/spc/it17_2.jsonl] game 9/12 tri/l moves 134 winner black +133 (tot 957)
[net/spc/it17_3.jsonl] game 9/12 tri/l moves 93 winner black +92 (tot 857)
[net/spc/it17_2.jsonl] game 10/12 elong/s moves 80 winner black +79 (tot 1036)
[net/spc/it17_3.jsonl] game 10/12 elong/s moves 79 winner black +78 (tot 935)
[net/spc/it17_1.jsonl] game 11/12 elong/m moves 114 winner black +113 (tot 1060)
[net/spc/it17_3.jsonl] game 11/12 elong/m moves 120 winner white +119 (tot 1054)
[net/spc/it17_2.jsonl] game 11/12 elong/m moves 118 winner white +117 (tot 1153)
[net/spc/it17_1.jsonl] game 12/12 elong/l moves 140 winner black +139 (tot 1199)
DONE net/spc/it17_1.jsonl: 1199 positions
[net/spc/it17_2.jsonl] game 12/12 elong/l moves 170 winner white +169 (tot 1322)
DONE net/spc/it17_2.jsonl: 1322 positions
[net/spc/it17_3.jsonl] game 12/12 elong/l moves 177 winner white +176 (tot 1230)
DONE net/spc/it17_3.jsonl: 1230 positions
[net/spc/it18_2.jsonl] game 1/12 tri/s moves 57 winner white +56 (tot 56)
[net/spc/it18_3.jsonl] game 1/12 tri/s moves 60 winner black +59 (tot 59)
[net/spc/it18_1.jsonl] game 1/12 tri/s moves 64 winner black +63 (tot 63)
[net/spc/it18_3.jsonl] game 2/12 tri/m moves 97 winner white +95 (tot 154)
[net/spc/it18_1.jsonl] game 2/12 tri/m moves 89 winner black +88 (tot 151)
[net/spc/it18_2.jsonl] game 2/12 tri/m moves 102 winner black +101 (tot 157)
[net/spc/it18_3.jsonl] game 3/12 tri/l moves 69 winner white +68 (tot 222)
[net/spc/it18_1.jsonl] game 3/12 tri/l moves 104 winner white +103 (tot 254)
[net/spc/it18_3.jsonl] game 4/12 elong/s moves 84 winner black +83 (tot 305)
[net/spc/it18_2.jsonl] game 3/12 tri/l moves 126 winner black +125 (tot 282)
[net/spc/it18_1.jsonl] game 4/12 elong/s moves 83 winner white +82 (tot 336)
[net/spc/it18_2.jsonl] game 4/12 elong/s moves 82 winner black +81 (tot 363)
[net/spc/it18_3.jsonl] game 5/12 elong/m moves 123 winner white +121 (tot 426)
[net/spc/it18_1.jsonl] game 5/12 elong/m moves 109 winner white +108 (tot 444)
[net/spc/it18_2.jsonl] game 5/12 elong/m moves 125 winner white +124 (tot 487)
[net/spc/it18_3.jsonl] game 6/12 elong/l moves 154 winner white +153 (tot 579)
[net/spc/it18_3.jsonl] game 7/12 tri/s moves 73 winner white +71 (tot 650)
[net/spc/it18_2.jsonl] game 6/12 elong/l moves 169 winner white +168 (tot 655)
[net/spc/it18_3.jsonl] game 8/12 tri/m moves 97 winner black +96 (tot 746)
[net/spc/it18_2.jsonl] game 7/12 tri/s moves 64 winner black +63 (tot 718)
[net/spc/it18_1.jsonl] game 6/12 elong/l moves 156 winner black +155 (tot 599)
[net/spc/it18_2.jsonl] game 8/12 tri/m moves 84 winner black +83 (tot 801)
[net/spc/it18_1.jsonl] game 7/12 tri/s moves 62 winner white +61 (tot 660)
[net/spc/it18_1.jsonl] game 8/12 tri/m moves 69 winner white +68 (tot 728)
[net/spc/it18_3.jsonl] game 9/12 tri/l moves 126 winner black +125 (tot 871)
[net/spc/it18_3.jsonl] game 10/12 elong/s moves 78 winner black +77 (tot 948)
[net/spc/it18_2.jsonl] game 9/12 tri/l moves 127 winner white +126 (tot 927)
[net/spc/it18_2.jsonl] game 10/12 elong/s moves 82 winner black +81 (tot 1008)
[net/spc/it18_1.jsonl] game 9/12 tri/l moves 119 winner white +118 (tot 846)
[net/spc/it18_3.jsonl] game 11/12 elong/m moves 114 winner white +113 (tot 1061)
[net/spc/it18_1.jsonl] game 10/12 elong/s moves 79 winner black +78 (tot 924)
[net/spc/it18_2.jsonl] game 11/12 elong/m moves 124 winner white +123 (tot 1131)
[net/spc/it18_1.jsonl] game 11/12 elong/m moves 103 winner white +102 (tot 1026)
[net/spc/it18_3.jsonl] game 12/12 elong/l moves 166 winner black +165 (tot 1226)
DONE net/spc/it18_3.jsonl: 1226 positions
[net/spc/it18_2.jsonl] game 12/12 elong/l moves 166 winner white +165 (tot 1296)
DONE net/spc/it18_2.jsonl: 1296 positions
[net/spc/it18_1.jsonl] game 12/12 elong/l moves 146 winner black +145 (tot 1171)
DONE net/spc/it18_1.jsonl: 1171 positions
[net/spc/it19_1.jsonl] game 1/12 tri/s moves 69 winner white +67 (tot 67)
[net/spc/it19_2.jsonl] game 1/12 tri/s moves 68 winner black +66 (tot 66)
[net/spc/it19_3.jsonl] game 1/12 tri/s moves 66 winner black +65 (tot 65)
[net/spc/it19_2.jsonl] game 2/12 tri/m moves 75 winner white +74 (tot 140)
[net/spc/it19_3.jsonl] game 2/12 tri/m moves 93 winner white +91 (tot 156)
[net/spc/it19_1.jsonl] game 2/12 tri/m moves 105 winner white +104 (tot 171)
[net/spc/it19_2.jsonl] game 3/12 tri/l moves 106 winner black +105 (tot 245)
[net/spc/it19_3.jsonl] game 3/12 tri/l moves 138 winner black +137 (tot 293)
[net/spc/it19_2.jsonl] game 4/12 elong/s moves 72 winner black +71 (tot 316)
[net/spc/it19_1.jsonl] game 3/12 tri/l moves 140 winner white +138 (tot 309)
[net/spc/it19_3.jsonl] game 4/12 elong/s moves 79 winner white +78 (tot 371)
[net/spc/it19_1.jsonl] game 4/12 elong/s moves 68 winner white +67 (tot 376)
[net/spc/it19_2.jsonl] game 5/12 elong/m moves 113 winner white +112 (tot 428)
[net/spc/it19_3.jsonl] game 5/12 elong/m moves 116 winner black +115 (tot 486)
[net/spc/it19_1.jsonl] game 5/12 elong/m moves 116 winner white +114 (tot 490)
[net/spc/it19_2.jsonl] game 6/12 elong/l moves 179 winner black +178 (tot 606)
[net/spc/it19_2.jsonl] game 7/12 tri/s moves 75 winner white +74 (tot 680)
[net/spc/it19_3.jsonl] game 6/12 elong/l moves 170 winner black +169 (tot 655)
[net/spc/it19_1.jsonl] game 6/12 elong/l moves 181 winner black +179 (tot 669)
[net/spc/it19_3.jsonl] game 7/12 tri/s moves 49 winner white +48 (tot 703)
[net/spc/it19_1.jsonl] game 7/12 tri/s moves 75 winner black +73 (tot 742)
[net/spc/it19_2.jsonl] game 8/12 tri/m moves 95 winner white +94 (tot 774)
[net/spc/it19_3.jsonl] game 8/12 tri/m moves 89 winner white +88 (tot 791)
[net/spc/it19_1.jsonl] game 8/12 tri/m moves 104 winner black +103 (tot 845)
[net/spc/it19_2.jsonl] game 9/12 tri/l moves 133 winner black +131 (tot 905)
[net/spc/it19_1.jsonl] game 9/12 tri/l moves 86 winner black +85 (tot 930)
[net/spc/it19_3.jsonl] game 9/12 tri/l moves 117 winner black +115 (tot 906)
[net/spc/it19_2.jsonl] game 10/12 elong/s moves 89 winner white +87 (tot 992)
[net/spc/it19_1.jsonl] game 10/12 elong/s moves 81 winner white +80 (tot 1010)
[net/spc/it19_3.jsonl] game 10/12 elong/s moves 87 winner white +86 (tot 992)
[net/spc/it19_2.jsonl] game 11/12 elong/m moves 105 winner white +104 (tot 1096)
[net/spc/it19_1.jsonl] game 11/12 elong/m moves 125 winner white +124 (tot 1134)
[net/spc/it19_3.jsonl] game 11/12 elong/m moves 120 winner black +119 (tot 1111)
[net/spc/it19_1.jsonl] game 12/12 elong/l moves 167 winner black +166 (tot 1300)
DONE net/spc/it19_1.jsonl: 1300 positions
[net/spc/it19_2.jsonl] game 12/12 elong/l moves 168 winner black +167 (tot 1263)
DONE net/spc/it19_2.jsonl: 1263 positions
[net/spc/it19_3.jsonl] game 12/12 elong/l moves 164 winner black +163 (tot 1274)
DONE net/spc/it19_3.jsonl: 1274 positions
[net/spc/it20_1.jsonl] game 1/12 tri/s moves 60 winner black +59 (tot 59)
[net/spc/it20_2.jsonl] game 1/12 tri/s moves 60 winner black +59 (tot 59)
[net/spc/it20_3.jsonl] game 1/12 tri/s moves 65 winner white +64 (tot 64)
[net/spc/it20_3.jsonl] game 2/12 tri/m moves 78 winner black +77 (tot 141)
[net/spc/it20_1.jsonl] game 2/12 tri/m moves 92 winner black +91 (tot 150)
[net/spc/it20_2.jsonl] game 2/12 tri/m moves 98 winner black +96 (tot 155)
[net/spc/it20_2.jsonl] game 3/12 tri/l moves 79 winner white +78 (tot 233)
[net/spc/it20_3.jsonl] game 3/12 tri/l moves 92 winner black +91 (tot 232)
[net/spc/it20_1.jsonl] game 3/12 tri/l moves 137 winner white +135 (tot 285)
[net/spc/it20_2.jsonl] game 4/12 elong/s moves 89 winner white +88 (tot 321)
[net/spc/it20_3.jsonl] game 4/12 elong/s moves 79 winner white +78 (tot 310)
[net/spc/it20_1.jsonl] game 4/12 elong/s moves 80 winner black +79 (tot 364)
[net/spc/it20_2.jsonl] game 5/12 elong/m moves 107 winner white +105 (tot 426)
[net/spc/it20_3.jsonl] game 5/12 elong/m moves 131 winner white +130 (tot 440)
[net/spc/it20_1.jsonl] game 5/12 elong/m moves 125 winner white +124 (tot 488)
[net/spc/it20_2.jsonl] game 6/12 elong/l moves 170 winner white +169 (tot 595)
[net/spc/it20_1.jsonl] game 6/12 elong/l moves 173 winner black +172 (tot 660)
[net/spc/it20_2.jsonl] game 7/12 tri/s moves 64 winner black +63 (tot 658)
[net/spc/it20_3.jsonl] game 6/12 elong/l moves 160 winner black +159 (tot 599)
[net/spc/it20_1.jsonl] game 7/12 tri/s moves 72 winner black +71 (tot 731)
[net/spc/it20_3.jsonl] game 7/12 tri/s moves 70 winner black +68 (tot 667)
[net/spc/it20_2.jsonl] game 8/12 tri/m moves 65 winner white +64 (tot 722)
[net/spc/it20_1.jsonl] game 8/12 tri/m moves 102 winner black +101 (tot 832)
[net/spc/it20_3.jsonl] game 8/12 tri/m moves 97 winner white +96 (tot 763)
[net/spc/it20_2.jsonl] game 9/12 tri/l moves 105 winner white +104 (tot 826)
[net/spc/it20_1.jsonl] game 9/12 tri/l moves 64 winner black +63 (tot 895)
[net/spc/it20_2.jsonl] game 10/12 elong/s moves 77 winner white +76 (tot 902)
[net/spc/it20_3.jsonl] game 9/12 tri/l moves 101 winner white +100 (tot 863)
[net/spc/it20_1.jsonl] game 10/12 elong/s moves 90 winner black +89 (tot 984)
[net/spc/it20_3.jsonl] game 10/12 elong/s moves 76 winner black +75 (tot 938)
[net/spc/it20_2.jsonl] game 11/12 elong/m moves 133 winner black +130 (tot 1032)
[net/spc/it20_1.jsonl] game 11/12 elong/m moves 114 winner white +112 (tot 1096)
[net/spc/it20_3.jsonl] game 11/12 elong/m moves 113 winner white +111 (tot 1049)
[net/spc/it20_2.jsonl] game 12/12 elong/l moves 150 winner white +148 (tot 1180)
DONE net/spc/it20_2.jsonl: 1180 positions
[net/spc/it20_1.jsonl] game 12/12 elong/l moves 168 winner white +167 (tot 1263)
DONE net/spc/it20_1.jsonl: 1263 positions
[net/spc/it20_3.jsonl] game 12/12 elong/l moves 163 winner white +162 (tot 1211)
DONE net/spc/it20_3.jsonl: 1211 positions
[net/spc/it21_3.jsonl] game 1/12 tri/s moves 51 winner white +50 (tot 50)
[net/spc/it21_2.jsonl] game 1/12 tri/s moves 59 winner black +58 (tot 58)
[net/spc/it21_1.jsonl] game 1/12 tri/s moves 57 winner black +56 (tot 56)
[net/spc/it21_3.jsonl] game 2/12 tri/m moves 107 winner black +106 (tot 156)
[net/spc/it21_1.jsonl] game 2/12 tri/m moves 102 winner white +101 (tot 157)
[net/spc/it21_2.jsonl] game 2/12 tri/m moves 96 winner white +95 (tot 153)
[net/spc/it21_3.jsonl] game 3/12 tri/l moves 79 winner white +78 (tot 234)
[net/spc/it21_2.jsonl] game 3/12 tri/l moves 114 winner white +112 (tot 265)
[net/spc/it21_1.jsonl] game 3/12 tri/l moves 119 winner black +117 (tot 274)
[net/spc/it21_3.jsonl] game 4/12 elong/s moves 86 winner black +85 (tot 319)
[net/spc/it21_2.jsonl] game 4/12 elong/s moves 86 winner black +84 (tot 349)
[net/spc/it21_1.jsonl] game 4/12 elong/s moves 89 winner white +88 (tot 362)
[net/spc/it21_3.jsonl] game 5/12 elong/m moves 136 winner black +135 (tot 454)
[net/spc/it21_2.jsonl] game 5/12 elong/m moves 119 winner white +117 (tot 466)
[net/spc/it21_1.jsonl] game 5/12 elong/m moves 119 winner white +118 (tot 480)
[net/spc/it21_3.jsonl] game 6/12 elong/l moves 153 winner white +152 (tot 606)
[net/spc/it21_3.jsonl] game 7/12 tri/s moves 65 winner black +64 (tot 670)
[net/spc/it21_2.jsonl] game 6/12 elong/l moves 160 winner black +159 (tot 625)
[net/spc/it21_2.jsonl] game 7/12 tri/s moves 77 winner white +75 (tot 700)
[net/spc/it21_3.jsonl] game 8/12 tri/m moves 85 winner white +83 (tot 753)
[net/spc/it21_2.jsonl] game 8/12 tri/m moves 94 winner white +93 (tot 793)
[net/spc/it21_1.jsonl] game 6/12 elong/l moves 166 winner black +165 (tot 645)
[net/spc/it21_1.jsonl] game 7/12 tri/s moves 60 winner white +59 (tot 704)
[net/spc/it21_3.jsonl] game 9/12 tri/l moves 124 winner black +121 (tot 874)
[net/spc/it21_1.jsonl] game 8/12 tri/m moves 71 winner white +70 (tot 774)
[net/spc/it21_2.jsonl] game 9/12 tri/l moves 108 winner black +107 (tot 900)
[net/spc/it21_3.jsonl] game 10/12 elong/s moves 76 winner black +74 (tot 948)
[net/spc/it21_2.jsonl] game 10/12 elong/s moves 80 winner white +79 (tot 979)
[net/spc/it21_1.jsonl] game 9/12 tri/l moves 111 winner white +110 (tot 884)
[net/spc/it21_3.jsonl] game 11/12 elong/m moves 126 winner black +124 (tot 1072)
[net/spc/it21_1.jsonl] game 10/12 elong/s moves 78 winner black +77 (tot 961)
[net/spc/it21_2.jsonl] game 11/12 elong/m moves 104 winner white +103 (tot 1082)
[net/spc/it21_1.jsonl] game 11/12 elong/m moves 114 winner black +113 (tot 1074)
[net/spc/it21_3.jsonl] game 12/12 elong/l moves 162 winner black +161 (tot 1233)
DONE net/spc/it21_3.jsonl: 1233 positions
[net/spc/it21_2.jsonl] game 12/12 elong/l moves 176 winner black +174 (tot 1256)
DONE net/spc/it21_2.jsonl: 1256 positions
[net/spc/it21_1.jsonl] game 12/12 elong/l moves 176 winner white +175 (tot 1249)
DONE net/spc/it21_1.jsonl: 1249 positions
[net/spc/it22_3.jsonl] game 1/12 tri/s moves 54 winner black +51 (tot 51)
[net/spc/it22_2.jsonl] game 1/12 tri/s moves 69 winner white +67 (tot 67)
[net/spc/it22_1.jsonl] game 1/12 tri/s moves 61 winner white +60 (tot 60)
[net/spc/it22_1.jsonl] game 2/12 tri/m moves 67 winner white +66 (tot 126)
[net/spc/it22_3.jsonl] game 2/12 tri/m moves 101 winner white +99 (tot 150)
[net/spc/it22_2.jsonl] game 2/12 tri/m moves 96 winner white +95 (tot 162)
[net/spc/it22_1.jsonl] game 3/12 tri/l moves 107 winner white +105 (tot 231)
[net/spc/it22_3.jsonl] game 3/12 tri/l moves 127 winner white +124 (tot 274)
[net/spc/it22_2.jsonl] game 3/12 tri/l moves 101 winner white +100 (tot 262)
[net/spc/it22_1.jsonl] game 4/12 elong/s moves 89 winner white +87 (tot 318)
[net/spc/it22_3.jsonl] game 4/12 elong/s moves 83 winner white +81 (tot 355)
[net/spc/it22_2.jsonl] game 4/12 elong/s moves 81 winner white +80 (tot 342)
[net/spc/it22_2.jsonl] game 5/12 elong/m moves 125 winner black +123 (tot 465)
[net/spc/it22_1.jsonl] game 5/12 elong/m moves 133 winner black +132 (tot 450)
[net/spc/it22_3.jsonl] game 5/12 elong/m moves 123 winner black +122 (tot 477)
[net/spc/it22_2.jsonl] game 6/12 elong/l moves 166 winner white +165 (tot 630)
[net/spc/it22_2.jsonl] game 7/12 tri/s moves 70 winner white +68 (tot 698)
[net/spc/it22_3.jsonl] game 6/12 elong/l moves 160 winner black +158 (tot 635)
[net/spc/it22_3.jsonl] game 7/12 tri/s moves 56 winner black +55 (tot 690)
[net/spc/it22_1.jsonl] game 6/12 elong/l moves 159 winner white +158 (tot 608)
[net/spc/it22_2.jsonl] game 8/12 tri/m moves 80 winner black +79 (tot 777)
[net/spc/it22_1.jsonl] game 7/12 tri/s moves 64 winner black +63 (tot 671)
[net/spc/it22_3.jsonl] game 8/12 tri/m moves 81 winner black +80 (tot 770)
[net/spc/it22_1.jsonl] game 8/12 tri/m moves 73 winner white +72 (tot 743)
[net/spc/it22_2.jsonl] game 9/12 tri/l moves 119 winner black +118 (tot 895)
[net/spc/it22_3.jsonl] game 9/12 tri/l moves 108 winner black +107 (tot 877)
[net/spc/it22_1.jsonl] game 9/12 tri/l moves 86 winner black +85 (tot 828)
[net/spc/it22_2.jsonl] game 10/12 elong/s moves 86 winner black +85 (tot 980)
[net/spc/it22_3.jsonl] game 10/12 elong/s moves 80 winner white +79 (tot 956)
[net/spc/it22_1.jsonl] game 10/12 elong/s moves 70 winner black +69 (tot 897)
[net/spc/it22_2.jsonl] game 11/12 elong/m moves 138 winner black +136 (tot 1116)
[net/spc/it22_3.jsonl] game 11/12 elong/m moves 112 winner white +111 (tot 1067)
[net/spc/it22_1.jsonl] game 11/12 elong/m moves 120 winner black +119 (tot 1016)
[net/spc/it22_2.jsonl] game 12/12 elong/l moves 173 winner black +171 (tot 1287)
DONE net/spc/it22_2.jsonl: 1287 positions
[net/spc/it22_1.jsonl] game 12/12 elong/l moves 169 winner white +168 (tot 1184)
DONE net/spc/it22_1.jsonl: 1184 positions
[net/spc/it22_3.jsonl] game 12/12 elong/l moves 176 winner black +174 (tot 1241)
DONE net/spc/it22_3.jsonl: 1241 positions
[net/spc/it23_3.jsonl] game 1/12 tri/s moves 64 winner black +62 (tot 62)
[net/spc/it23_2.jsonl] game 1/12 tri/s moves 62 winner black +61 (tot 61)
[net/spc/it23_1.jsonl] game 1/12 tri/s moves 71 winner white +69 (tot 69)
[net/spc/it23_3.jsonl] game 2/12 tri/m moves 77 winner white +76 (tot 138)
[net/spc/it23_2.jsonl] game 2/12 tri/m moves 80 winner black +79 (tot 140)
[net/spc/it23_1.jsonl] game 2/12 tri/m moves 84 winner black +83 (tot 152)
[net/spc/it23_2.jsonl] game 3/12 tri/l moves 111 winner black +110 (tot 250)
[net/spc/it23_3.jsonl] game 3/12 tri/l moves 119 winner white +117 (tot 255)
[net/spc/it23_1.jsonl] game 3/12 tri/l moves 131 winner black +129 (tot 281)
[net/spc/it23_2.jsonl] game 4/12 elong/s moves 86 winner black +85 (tot 335)
[net/spc/it23_1.jsonl] game 4/12 elong/s moves 74 winner black +71 (tot 352)
[net/spc/it23_3.jsonl] game 4/12 elong/s moves 87 winner white +85 (tot 340)
[net/spc/it23_1.jsonl] game 5/12 elong/m moves 116 winner white +115 (tot 467)
[net/spc/it23_2.jsonl] game 5/12 elong/m moves 112 winner black +111 (tot 446)
[net/spc/it23_3.jsonl] game 5/12 elong/m moves 119 winner black +118 (tot 458)
[net/spc/it23_3.jsonl] game 6/12 elong/l moves 144 winner white +143 (tot 601)
[net/spc/it23_1.jsonl] game 6/12 elong/l moves 156 winner black +155 (tot 622)
[net/spc/it23_3.jsonl] game 7/12 tri/s moves 55 winner white +54 (tot 655)
[net/spc/it23_1.jsonl] game 7/12 tri/s moves 50 winner white +49 (tot 671)
[net/spc/it23_2.jsonl] game 6/12 elong/l moves 159 winner black +158 (tot 604)
[net/spc/it23_2.jsonl] game 7/12 tri/s moves 54 winner black +53 (tot 657)
[net/spc/it23_1.jsonl] game 8/12 tri/m moves 75 winner white +74 (tot 745)
[net/spc/it23_3.jsonl] game 8/12 tri/m moves 86 winner black +84 (tot 739)
[net/spc/it23_2.jsonl] game 8/12 tri/m moves 56 winner black +55 (tot 712)
[net/spc/it23_3.jsonl] game 9/12 tri/l moves 79 winner white +78 (tot 817)
[net/spc/it23_1.jsonl] game 9/12 tri/l moves 118 winner white +116 (tot 861)
[net/spc/it23_3.jsonl] game 10/12 elong/s moves 84 winner white +83 (tot 900)
[net/spc/it23_2.jsonl] game 9/12 tri/l moves 124 winner white +123 (tot 835)
[net/spc/it23_1.jsonl] game 10/12 elong/s moves 85 winner white +83 (tot 944)
[net/spc/it23_2.jsonl] game 10/12 elong/s moves 77 winner white +76 (tot 911)
[net/spc/it23_3.jsonl] game 11/12 elong/m moves 114 winner black +113 (tot 1013)
[net/spc/it23_1.jsonl] game 11/12 elong/m moves 101 winner white +98 (tot 1042)
[net/spc/it23_2.jsonl] game 11/12 elong/m moves 125 winner black +124 (tot 1035)
[net/spc/it23_3.jsonl] game 12/12 elong/l moves 171 winner black +168 (tot 1181)
DONE net/spc/it23_3.jsonl: 1181 positions
[net/spc/it23_1.jsonl] game 12/12 elong/l moves 164 winner black +163 (tot 1205)
DONE net/spc/it23_1.jsonl: 1205 positions
[net/spc/it23_2.jsonl] game 12/12 elong/l moves 171 winner black +170 (tot 1205)
DONE net/spc/it23_2.jsonl: 1205 positions
[net/spc/it24_1.jsonl] game 1/12 tri/s moves 64 winner white +63 (tot 63)
[net/spc/it24_3.jsonl] game 1/12 tri/s moves 60 winner white +59 (tot 59)
[net/spc/it24_2.jsonl] game 1/12 tri/s moves 69 winner black +67 (tot 67)
[net/spc/it24_2.jsonl] game 2/12 tri/m moves 63 winner white +62 (tot 129)
[net/spc/it24_3.jsonl] game 2/12 tri/m moves 86 winner white +85 (tot 144)
[net/spc/it24_1.jsonl] game 2/12 tri/m moves 92 winner black +91 (tot 154)
[net/spc/it24_1.jsonl] game 3/12 tri/l moves 100 winner black +99 (tot 253)
[net/spc/it24_2.jsonl] game 3/12 tri/l moves 146 winner black +145 (tot 274)
[net/spc/it24_1.jsonl] game 4/12 elong/s moves 76 winner white +75 (tot 328)
[net/spc/it24_3.jsonl] game 3/12 tri/l moves 148 winner black +147 (tot 291)
[net/spc/it24_2.jsonl] game 4/12 elong/s moves 92 winner black +89 (tot 363)
[net/spc/it24_3.jsonl] game 4/12 elong/s moves 81 winner white +79 (tot 370)
[net/spc/it24_1.jsonl] game 5/12 elong/m moves 115 winner white +114 (tot 442)
[net/spc/it24_2.jsonl] game 5/12 elong/m moves 112 winner black +111 (tot 474)
[net/spc/it24_3.jsonl] game 5/12 elong/m moves 123 winner white +122 (tot 492)
[net/spc/it24_2.jsonl] game 6/12 elong/l moves 164 winner black +163 (tot 637)
[net/spc/it24_1.jsonl] game 6/12 elong/l moves 174 winner black +173 (tot 615)
[net/spc/it24_2.jsonl] game 7/12 tri/s moves 69 winner black +68 (tot 705)
[net/spc/it24_3.jsonl] game 6/12 elong/l moves 170 winner black +169 (tot 661)
[net/spc/it24_1.jsonl] game 7/12 tri/s moves 59 winner white +58 (tot 673)
[net/spc/it24_3.jsonl] game 7/12 tri/s moves 52 winner black +51 (tot 712)
[net/spc/it24_2.jsonl] game 8/12 tri/m moves 71 winner black +70 (tot 775)
[net/spc/it24_1.jsonl] game 8/12 tri/m moves 91 winner white +90 (tot 763)
[net/spc/it24_3.jsonl] game 8/12 tri/m moves 74 winner black +73 (tot 785)
[net/spc/it24_2.jsonl] game 9/12 tri/l moves 112 winner black +111 (tot 886)
[net/spc/it24_2.jsonl] game 10/12 elong/s moves 79 winner white +77 (tot 963)
[net/spc/it24_1.jsonl] game 9/12 tri/l moves 121 winner white +120 (tot 883)
[net/spc/it24_3.jsonl] game 9/12 tri/l moves 138 winner white +137 (tot 922)
[net/spc/it24_1.jsonl] game 10/12 elong/s moves 79 winner white +78 (tot 961)
[net/spc/it24_3.jsonl] game 10/12 elong/s moves 67 winner white +65 (tot 987)
[net/spc/it24_2.jsonl] game 11/12 elong/m moves 130 winner black +129 (tot 1092)
[net/spc/it24_3.jsonl] game 11/12 elong/m moves 116 winner white +115 (tot 1102)
[net/spc/it24_1.jsonl] game 11/12 elong/m moves 134 winner black +133 (tot 1094)
[net/spc/it24_3.jsonl] game 12/12 elong/l moves 167 winner black +166 (tot 1268)
DONE net/spc/it24_3.jsonl: 1268 positions
[net/spc/it24_2.jsonl] game 12/12 elong/l moves 163 winner white +162 (tot 1254)
DONE net/spc/it24_2.jsonl: 1254 positions
[net/spc/it24_1.jsonl] game 12/12 elong/l moves 166 winner white +165 (tot 1259)
DONE net/spc/it24_1.jsonl: 1259 positions
